CRITICAL - 2023-03-08 13:50:53 --> include(MData.php): Failed to open stream: No such file or directory
in APPPATH\Views\V_showData.php on line 13.
 1 APPPATH\Views\V_showData.php(13): CodeIgniter\Debug\Exceptions->errorHandler(2, 'include(MData.php): Failed to open stream: No such file or directory', 'APPPATH\\Views\\V_showData.php', 13)
 2 APPPATH\Views\V_showData.php(13): include()
 3 SYSTEMPATH\View\View.php(213): include('APPPATH\\Views\\V_showData.php')
 4 SYSTEMPATH\View\View.php(216): CodeIgniter\View\View->CodeIgniter\View\{closure}()
 5 SYSTEMPATH\Common.php(1134): CodeIgniter\View\View->render('V_showData', [], true)
 6 APPPATH\Controllers\Data.php(22): view('V_showData', [...])
 7 SYSTEMPATH\CodeIgniter.php(927): App\Controllers\Data->index()
 8 SYSTEMPATH\CodeIgniter.php(482): CodeIgniter\CodeIgniter->runController(Object(App\Controllers\Data))
 9 SYSTEMPATH\CodeIgniter.php(351): CodeIgniter\CodeIgniter->handleRequest(null, Object(Config\Cache), false)
10 FCPATH\index.php(67): CodeIgniter\CodeIgniter->run()
11 SYSTEMPATH\Commands\Server\rewrite.php(46): require_once('FCPATH\\index.php')
CRITICAL - 2023-03-08 13:56:05 --> Undefined property: CodeIgniter\View\View::$db
in APPPATH\Views\V_showData.php on line 25.
 1 APPPATH\Views\V_showData.php(25): CodeIgniter\Debug\Exceptions->errorHandler(2, 'Undefined property: CodeIgniter\\View\\View::$db', 'APPPATH\\Views\\V_showData.php', 25)
 2 SYSTEMPATH\View\View.php(213): include('APPPATH\\Views\\V_showData.php')
 3 SYSTEMPATH\View\View.php(216): CodeIgniter\View\View->CodeIgniter\View\{closure}()
 4 SYSTEMPATH\Common.php(1134): CodeIgniter\View\View->render('V_showData', [], true)
 5 APPPATH\Controllers\Data.php(22): view('V_showData', [...])
 6 SYSTEMPATH\CodeIgniter.php(927): App\Controllers\Data->index()
 7 SYSTEMPATH\CodeIgniter.php(482): CodeIgniter\CodeIgniter->runController(Object(App\Controllers\Data))
 8 SYSTEMPATH\CodeIgniter.php(351): CodeIgniter\CodeIgniter->handleRequest(null, Object(Config\Cache), false)
 9 FCPATH\index.php(67): CodeIgniter\CodeIgniter->run()
10 SYSTEMPATH\Commands\Server\rewrite.php(46): require_once('FCPATH\\index.php')
CRITICAL - 2023-03-08 13:56:42 --> Undefined variable $row
in APPPATH\Views\V_showData.php on line 25.
 1 APPPATH\Views\V_showData.php(25): CodeIgniter\Debug\Exceptions->errorHandler(2, 'Undefined variable $row', 'APPPATH\\Views\\V_showData.php', 25)
 2 SYSTEMPATH\View\View.php(213): include('APPPATH\\Views\\V_showData.php')
 3 SYSTEMPATH\View\View.php(216): CodeIgniter\View\View->CodeIgniter\View\{closure}()
 4 SYSTEMPATH\Common.php(1134): CodeIgniter\View\View->render('V_showData', [], true)
 5 APPPATH\Controllers\Data.php(22): view('V_showData', [...])
 6 SYSTEMPATH\CodeIgniter.php(927): App\Controllers\Data->index()
 7 SYSTEMPATH\CodeIgniter.php(482): CodeIgniter\CodeIgniter->runController(Object(App\Controllers\Data))
 8 SYSTEMPATH\CodeIgniter.php(351): CodeIgniter\CodeIgniter->handleRequest(null, Object(Config\Cache), false)
 9 FCPATH\index.php(67): CodeIgniter\CodeIgniter->run()
10 SYSTEMPATH\Commands\Server\rewrite.php(46): require_once('FCPATH\\index.php')
CRITICAL - 2023-03-08 14:26:56 --> Undefined variable $jumlah
in APPPATH\Views\V_showData.php on line 69.
 1 APPPATH\Views\V_showData.php(69): CodeIgniter\Debug\Exceptions->errorHandler(2, 'Undefined variable $jumlah', 'APPPATH\\Views\\V_showData.php', 69)
 2 SYSTEMPATH\View\View.php(213): include('APPPATH\\Views\\V_showData.php')
 3 SYSTEMPATH\View\View.php(216): CodeIgniter\View\View->CodeIgniter\View\{closure}()
 4 SYSTEMPATH\Common.php(1134): CodeIgniter\View\View->render('V_showData', [], true)
 5 APPPATH\Controllers\Data.php(22): view('V_showData', [...])
 6 SYSTEMPATH\CodeIgniter.php(927): App\Controllers\Data->index()
 7 SYSTEMPATH\CodeIgniter.php(482): CodeIgniter\CodeIgniter->runController(Object(App\Controllers\Data))
 8 SYSTEMPATH\CodeIgniter.php(351): CodeIgniter\CodeIgniter->handleRequest(null, Object(Config\Cache), false)
 9 FCPATH\index.php(67): CodeIgniter\CodeIgniter->run()
10 SYSTEMPATH\Commands\Server\rewrite.php(46): require_once('FCPATH\\index.php')
CRITICAL - 2023-03-08 14:34:52 --> Undefined variable $jumlah
in APPPATH\Views\V_showData.php on line 69.
 1 APPPATH\Views\V_showData.php(69): CodeIgniter\Debug\Exceptions->errorHandler(2, 'Undefined variable $jumlah', 'APPPATH\\Views\\V_showData.php', 69)
 2 SYSTEMPATH\View\View.php(213): include('APPPATH\\Views\\V_showData.php')
 3 SYSTEMPATH\View\View.php(216): CodeIgniter\View\View->CodeIgniter\View\{closure}()
 4 SYSTEMPATH\Common.php(1134): CodeIgniter\View\View->render('V_showData', [], true)
 5 APPPATH\Controllers\Data.php(22): view('V_showData', [...])
 6 SYSTEMPATH\CodeIgniter.php(927): App\Controllers\Data->index()
 7 SYSTEMPATH\CodeIgniter.php(482): CodeIgniter\CodeIgniter->runController(Object(App\Controllers\Data))
 8 SYSTEMPATH\CodeIgniter.php(351): CodeIgniter\CodeIgniter->handleRequest(null, Object(Config\Cache), false)
 9 FCPATH\index.php(67): CodeIgniter\CodeIgniter->run()
10 SYSTEMPATH\Commands\Server\rewrite.php(46): require_once('FCPATH\\index.php')
CRITICAL - 2023-03-08 14:34:57 --> Undefined variable $jumlah
in APPPATH\Views\V_showData.php on line 69.
 1 APPPATH\Views\V_showData.php(69): CodeIgniter\Debug\Exceptions->errorHandler(2, 'Undefined variable $jumlah', 'APPPATH\\Views\\V_showData.php', 69)
 2 SYSTEMPATH\View\View.php(213): include('APPPATH\\Views\\V_showData.php')
 3 SYSTEMPATH\View\View.php(216): CodeIgniter\View\View->CodeIgniter\View\{closure}()
 4 SYSTEMPATH\Common.php(1134): CodeIgniter\View\View->render('V_showData', [], true)
 5 APPPATH\Controllers\Data.php(22): view('V_showData', [...])
 6 SYSTEMPATH\CodeIgniter.php(927): App\Controllers\Data->index()
 7 SYSTEMPATH\CodeIgniter.php(482): CodeIgniter\CodeIgniter->runController(Object(App\Controllers\Data))
 8 SYSTEMPATH\CodeIgniter.php(351): CodeIgniter\CodeIgniter->handleRequest(null, Object(Config\Cache), false)
 9 FCPATH\index.php(67): CodeIgniter\CodeIgniter->run()
10 SYSTEMPATH\Commands\Server\rewrite.php(46): require_once('FCPATH\\index.php')
CRITICAL - 2023-03-08 14:34:59 --> Undefined variable $jumlah
in APPPATH\Views\V_showData.php on line 69.
 1 APPPATH\Views\V_showData.php(69): CodeIgniter\Debug\Exceptions->errorHandler(2, 'Undefined variable $jumlah', 'APPPATH\\Views\\V_showData.php', 69)
 2 SYSTEMPATH\View\View.php(213): include('APPPATH\\Views\\V_showData.php')
 3 SYSTEMPATH\View\View.php(216): CodeIgniter\View\View->CodeIgniter\View\{closure}()
 4 SYSTEMPATH\Common.php(1134): CodeIgniter\View\View->render('V_showData', [], true)
 5 APPPATH\Controllers\Data.php(22): view('V_showData', [...])
 6 SYSTEMPATH\CodeIgniter.php(927): App\Controllers\Data->index()
 7 SYSTEMPATH\CodeIgniter.php(482): CodeIgniter\CodeIgniter->runController(Object(App\Controllers\Data))
 8 SYSTEMPATH\CodeIgniter.php(351): CodeIgniter\CodeIgniter->handleRequest(null, Object(Config\Cache), false)
 9 FCPATH\index.php(67): CodeIgniter\CodeIgniter->run()
10 SYSTEMPATH\Commands\Server\rewrite.php(46): require_once('FCPATH\\index.php')
CRITICAL - 2023-03-08 14:35:44 --> Undefined variable $jumlah
in APPPATH\Views\V_showData.php on line 69.
 1 APPPATH\Views\V_showData.php(69): CodeIgniter\Debug\Exceptions->errorHandler(2, 'Undefined variable $jumlah', 'APPPATH\\Views\\V_showData.php', 69)
 2 SYSTEMPATH\View\View.php(213): include('APPPATH\\Views\\V_showData.php')
 3 SYSTEMPATH\View\View.php(216): CodeIgniter\View\View->CodeIgniter\View\{closure}()
 4 SYSTEMPATH\Common.php(1134): CodeIgniter\View\View->render('V_showData', [], true)
 5 APPPATH\Controllers\Data.php(22): view('V_showData', [...])
 6 SYSTEMPATH\CodeIgniter.php(927): App\Controllers\Data->index()
 7 SYSTEMPATH\CodeIgniter.php(482): CodeIgniter\CodeIgniter->runController(Object(App\Controllers\Data))
 8 SYSTEMPATH\CodeIgniter.php(351): CodeIgniter\CodeIgniter->handleRequest(null, Object(Config\Cache), false)
 9 FCPATH\index.php(67): CodeIgniter\CodeIgniter->run()
10 SYSTEMPATH\Commands\Server\rewrite.php(46): require_once('FCPATH\\index.php')
CRITICAL - 2023-03-08 14:35:45 --> Undefined variable $jumlah
in APPPATH\Views\V_showData.php on line 69.
 1 APPPATH\Views\V_showData.php(69): CodeIgniter\Debug\Exceptions->errorHandler(2, 'Undefined variable $jumlah', 'APPPATH\\Views\\V_showData.php', 69)
 2 SYSTEMPATH\View\View.php(213): include('APPPATH\\Views\\V_showData.php')
 3 SYSTEMPATH\View\View.php(216): CodeIgniter\View\View->CodeIgniter\View\{closure}()
 4 SYSTEMPATH\Common.php(1134): CodeIgniter\View\View->render('V_showData', [], true)
 5 APPPATH\Controllers\Data.php(22): view('V_showData', [...])
 6 SYSTEMPATH\CodeIgniter.php(927): App\Controllers\Data->index()
 7 SYSTEMPATH\CodeIgniter.php(482): CodeIgniter\CodeIgniter->runController(Object(App\Controllers\Data))
 8 SYSTEMPATH\CodeIgniter.php(351): CodeIgniter\CodeIgniter->handleRequest(null, Object(Config\Cache), false)
 9 FCPATH\index.php(67): CodeIgniter\CodeIgniter->run()
10 SYSTEMPATH\Commands\Server\rewrite.php(46): require_once('FCPATH\\index.php')
CRITICAL - 2023-03-08 14:35:59 --> Undefined variable $page
in APPPATH\Views\V_showData.php on line 81.
 1 APPPATH\Views\V_showData.php(81): CodeIgniter\Debug\Exceptions->errorHandler(2, 'Undefined variable $page', 'APPPATH\\Views\\V_showData.php', 81)
 2 SYSTEMPATH\View\View.php(213): include('APPPATH\\Views\\V_showData.php')
 3 SYSTEMPATH\View\View.php(216): CodeIgniter\View\View->CodeIgniter\View\{closure}()
 4 SYSTEMPATH\Common.php(1134): CodeIgniter\View\View->render('V_showData', [], true)
 5 APPPATH\Controllers\Data.php(22): view('V_showData', [...])
 6 SYSTEMPATH\CodeIgniter.php(927): App\Controllers\Data->index()
 7 SYSTEMPATH\CodeIgniter.php(482): CodeIgniter\CodeIgniter->runController(Object(App\Controllers\Data))
 8 SYSTEMPATH\CodeIgniter.php(351): CodeIgniter\CodeIgniter->handleRequest(null, Object(Config\Cache), false)
 9 FCPATH\index.php(67): CodeIgniter\CodeIgniter->run()
10 SYSTEMPATH\Commands\Server\rewrite.php(46): require_once('FCPATH\\index.php')
