ERROR - 2023-03-10 01:31:41 --> Error connecting to the database: mysqli_sql_exception: No connection could be made because the target machine actively refused it in C:\Users\rdwit\Downloads\codeigniter4-framework-v4.2.10-0-g6ffad15\codeigniter4-framework-6ffad15\system\Database\MySQLi\Connection.php:171
Stack trace:
#0 C:\Users\rdwit\Downloads\codeigniter4-framework-v4.2.10-0-g6ffad15\codeigniter4-framework-6ffad15\system\Database\MySQLi\Connection.php(171): mysqli->real_connect('localhost', 'root', '', 'pertemuan1', 3306, '', 0)
#1 C:\Users\rdwit\Downloads\codeigniter4-framework-v4.2.10-0-g6ffad15\codeigniter4-framework-6ffad15\system\Database\BaseConnection.php(382): CodeIgniter\Database\MySQLi\Connection->connect(false)
#2 C:\Users\rdwit\Downloads\codeigniter4-framework-v4.2.10-0-g6ffad15\codeigniter4-framework-6ffad15\system\Database\BaseConnection.php(561): CodeIgniter\Database\BaseConnection->initialize()
#3 C:\Users\rdwit\Downloads\codeigniter4-framework-v4.2.10-0-g6ffad15\codeigniter4-framework-6ffad15\app\Models\MData.php(11): CodeIgniter\Database\BaseConnection->query('select * from m...')
#4 C:\Users\rdwit\Downloads\codeigniter4-framework-v4.2.10-0-g6ffad15\codeigniter4-framework-6ffad15\app\Controllers\Data.php(17): App\Models\MData->getData()
#5 C:\Users\rdwit\Downloads\codeigniter4-framework-v4.2.10-0-g6ffad15\codeigniter4-framework-6ffad15\system\CodeIgniter.php(927): App\Controllers\Data->index()
#6 C:\Users\rdwit\Downloads\codeigniter4-framework-v4.2.10-0-g6ffad15\codeigniter4-framework-6ffad15\system\CodeIgniter.php(482): CodeIgniter\CodeIgniter->runController(Object(App\Controllers\Data))
#7 C:\Users\rdwit\Downloads\codeigniter4-framework-v4.2.10-0-g6ffad15\codeigniter4-framework-6ffad15\system\CodeIgniter.php(351): CodeIgniter\CodeIgniter->handleRequest(NULL, Object(Config\Cache), false)
#8 C:\Users\rdwit\Downloads\codeigniter4-framework-v4.2.10-0-g6ffad15\codeigniter4-framework-6ffad15\public\index.php(67): CodeIgniter\CodeIgniter->run()
#9 C:\Users\rdwit\Downloads\codeigniter4-framework-v4.2.10-0-g6ffad15\codeigniter4-framework-6ffad15\system\Commands\Server\rewrite.php(46): require_once('C:\\Users\\rdwit\\...')
#10 {main}

Next CodeIgniter\Database\Exceptions\DatabaseException: No connection could be made because the target machine actively refused it in C:\Users\rdwit\Downloads\codeigniter4-framework-v4.2.10-0-g6ffad15\codeigniter4-framework-6ffad15\system\Database\MySQLi\Connection.php:215
Stack trace:
#0 C:\Users\rdwit\Downloads\codeigniter4-framework-v4.2.10-0-g6ffad15\codeigniter4-framework-6ffad15\system\Database\BaseConnection.php(382): CodeIgniter\Database\MySQLi\Connection->connect(false)
#1 C:\Users\rdwit\Downloads\codeigniter4-framework-v4.2.10-0-g6ffad15\codeigniter4-framework-6ffad15\system\Database\BaseConnection.php(561): CodeIgniter\Database\BaseConnection->initialize()
#2 C:\Users\rdwit\Downloads\codeigniter4-framework-v4.2.10-0-g6ffad15\codeigniter4-framework-6ffad15\app\Models\MData.php(11): CodeIgniter\Database\BaseConnection->query('select * from m...')
#3 C:\Users\rdwit\Downloads\codeigniter4-framework-v4.2.10-0-g6ffad15\codeigniter4-framework-6ffad15\app\Controllers\Data.php(17): App\Models\MData->getData()
#4 C:\Users\rdwit\Downloads\codeigniter4-framework-v4.2.10-0-g6ffad15\codeigniter4-framework-6ffad15\system\CodeIgniter.php(927): App\Controllers\Data->index()
#5 C:\Users\rdwit\Downloads\codeigniter4-framework-v4.2.10-0-g6ffad15\codeigniter4-framework-6ffad15\system\CodeIgniter.php(482): CodeIgniter\CodeIgniter->runController(Object(App\Controllers\Data))
#6 C:\Users\rdwit\Downloads\codeigniter4-framework-v4.2.10-0-g6ffad15\codeigniter4-framework-6ffad15\system\CodeIgniter.php(351): CodeIgniter\CodeIgniter->handleRequest(NULL, Object(Config\Cache), false)
#7 C:\Users\rdwit\Downloads\codeigniter4-framework-v4.2.10-0-g6ffad15\codeigniter4-framework-6ffad15\public\index.php(67): CodeIgniter\CodeIgniter->run()
#8 C:\Users\rdwit\Downloads\codeigniter4-framework-v4.2.10-0-g6ffad15\codeigniter4-framework-6ffad15\system\Commands\Server\rewrite.php(46): require_once('C:\\Users\\rdwit\\...')
#9 {main}
CRITICAL - 2023-03-10 01:31:41 --> Unable to connect to the database.
Main connection [MySQLi]: No connection could be made because the target machine actively refused it
in SYSTEMPATH\Database\BaseConnection.php on line 418.
 1 SYSTEMPATH\Database\BaseConnection.php(561): CodeIgniter\Database\BaseConnection->initialize()
 2 APPPATH\Models\MData.php(11): CodeIgniter\Database\BaseConnection->query('select * from mahasiswa')
 3 APPPATH\Controllers\Data.php(17): App\Models\MData->getData()
 4 SYSTEMPATH\CodeIgniter.php(927): App\Controllers\Data->index()
 5 SYSTEMPATH\CodeIgniter.php(482): CodeIgniter\CodeIgniter->runController(Object(App\Controllers\Data))
 6 SYSTEMPATH\CodeIgniter.php(351): CodeIgniter\CodeIgniter->handleRequest(null, Object(Config\Cache), false)
 7 FCPATH\index.php(67): CodeIgniter\CodeIgniter->run()
 8 SYSTEMPATH\Commands\Server\rewrite.php(46): require_once('FCPATH\\index.php')
